

Version:	3.14
CmdLine:	D:\practicas pre\CassuzResultadoFinal\out\artifacts\CassuzResultadoFinal\Cassuz.exe --l4j-debug
WOW64:		yes
Working dir:	D:\practicas pre\CassuzResultadoFinal\out\artifacts\CassuzResultadoFinal\.
Java min ver:	
Java max ver:	
Bundled JRE(s):	C:\Program Files\Java\jre1.8.0_291
Check launcher:	C:\Program Files\Java\jre1.8.0_291\bin\javaw.exe (OK)
Launcher:	C:\Program Files\Java\jre1.8.0_291\bin\javaw.exe
Launcher args:	-jar "D:\practicas pre\CassuzResultadoFinal\out\artifacts\CassuzResultadoFinal\Cassuz.exe"
Args length:	90/32768 chars
Exit code:	0


Version:	3.14
CmdLine:	D:\practicas pre\CassuzResultadoFinal\out\artifacts\CassuzResultadoFinal\Cassuz.exe --l4j-debug
WOW64:		yes
Working dir:	D:\practicas pre\CassuzResultadoFinal\out\artifacts\CassuzResultadoFinal\.
Java min ver:	
Java max ver:	
Bundled JRE(s):	C:\Program Files\Java\jre1.8.0_291
Check launcher:	C:\Program Files\Java\jre1.8.0_291\bin\javaw.exe (OK)
Launcher:	C:\Program Files\Java\jre1.8.0_291\bin\javaw.exe
Launcher args:	-jar "D:\practicas pre\CassuzResultadoFinal\out\artifacts\CassuzResultadoFinal\Cassuz.exe"
Args length:	90/32768 chars
Exit code:	0
